<?xml version="1.0" encoding="UTF-8"?>
<testng-results skipped="0" failed="0" total="1" passed="1">
  <reporter-output>
  </reporter-output>
  <suite name="Default suite" duration-ms="25301" started-at="2016-04-27T13:23:33Z" finished-at="2016-04-27T13:23:58Z">
    <groups>
    </groups>
    <test name="Default test" duration-ms="25301" started-at="2016-04-27T13:23:33Z" finished-at="2016-04-27T13:23:58Z">
      <class name="com.makaan.Test.LoginTest">
        <test-method status="PASS" signature="InitiateDriver()[pri:0, instance:com.makaan.Test.LoginTest@64f73fe2]" name="InitiateDriver" is-config="true" duration-ms="21891" started-at="2016-04-27T18:53:33Z" finished-at="2016-04-27T18:53:55Z">
          <reporter-output>
          </reporter-output>
        </test-method> <!-- InitiateDriver -->
        <test-method status="PASS" signature="ValidateForm()[pri:0, instance:com.makaan.Test.LoginTest@64f73fe2]" name="ValidateForm" duration-ms="3278" started-at="2016-04-27T18:53:55Z" finished-at="2016-04-27T18:53:58Z">
          <reporter-output>
          </reporter-output>
        </test-method> <!-- ValidateForm -->
      </class> <!-- com.makaan.Test.LoginTest -->
    </test> <!-- Default test -->
  </suite> <!-- Default suite -->
</testng-results>
